<?xml version="1.0" encoding="UTF-8"?>
<!-- Generated by org.testng.reporters.JUnitReportReporter -->
<testsuite skipped="0" hostname="DESKTOP-CINFA6I" name="ru.stqa.selenium.tests.ActivityMenuTests" tests="4" failures="0" timestamp="2020-07-24T10:24:15 IDT" time="124.199" errors="0">
  <testcase name="addingNewListEventInActivity" time="31.414" classname="ru.stqa.selenium.tests.ActivityMenuTests"/>
  <testcase name="addingNewListEventInActivityDP1" time="32.055" classname="ru.stqa.selenium.tests.ActivityMenuTests"/>
  <testcase name="addingNewListEventInActivityDP1" time="29.821" classname="ru.stqa.selenium.tests.ActivityMenuTests"/>
  <testcase name="addingNewListEventInActivityDP1" time="30.909" classname="ru.stqa.selenium.tests.ActivityMenuTests"/>
</testsuite> <!-- ru.stqa.selenium.tests.ActivityMenuTests -->
