<?xml version="1.0" encoding="UTF-8"?>
<!-- Generated by org.testng.reporters.JUnitReportReporter -->
<testsuite skipped="0" hostname="DESKTOP-CINFA6I" name="ru.stqa.selenium.tests.HomePageTests" tests="1" failures="0" timestamp="2020-07-24T11:32:09 IDT" time="6.984" errors="0">
  <testcase name="verifyFooterByCoordinates" time="6.984" classname="ru.stqa.selenium.tests.HomePageTests"/>
</testsuite> <!-- ru.stqa.selenium.tests.HomePageTests -->
