<?xml version="1.0" encoding="UTF-8"?>
<!-- Generated by org.testng.reporters.JUnitReportReporter -->
<testsuite skipped="0" hostname="DESKTOP-CINFA6I" name="ru.stqa.selenium.tests.LoginTests" tests="5" failures="0" timestamp="2020-07-24T11:34:36 IDT" time="74.230" errors="0">
  <testcase name="NegativeLoginIncorrect" time="11.437" classname="ru.stqa.selenium.tests.LoginTests"/>
  <testcase name="NegativeLoginIncorrect" time="12.155" classname="ru.stqa.selenium.tests.LoginTests"/>
  <testcase name="NegativeLoginIncorrect" time="11.471" classname="ru.stqa.selenium.tests.LoginTests"/>
  <testcase name="loginTestPositive" time="27.492" classname="ru.stqa.selenium.tests.LoginTests"/>
  <testcase name="NegativeLoginIncorrect" time="11.675" classname="ru.stqa.selenium.tests.LoginTests"/>
</testsuite> <!-- ru.stqa.selenium.tests.LoginTests -->
